[2023-05-18T15:40:55.589796+00:00] blog.INFO: Create user command started [] []
[2023-05-18T15:44:59.672756+00:00] blog.INFO: Create user command started [] []
[2023-05-18T15:45:52.245763+00:00] blog.INFO: Create user command started [] []
[2023-05-18T15:50:43.870443+00:00] blog.INFO: Create user command started [] []
[2023-05-18T15:53:25.364680+00:00] blog.INFO: Create user command started [] []
[2023-05-18T15:59:22.052082+00:00] blog.INFO: Create user command started [] []
[2023-05-18T16:14:19.428409+00:00] blog.INFO: Create user command started [] []
[2023-05-18T16:17:11.521252+00:00] blog.INFO: Create user command started [] []
[2023-05-19T07:40:24.833899+00:00] blog.INFO: Create user command started [] []
[2023-05-19T07:47:23.604851+00:00] blog.INFO: Create user command started [] []
[2023-05-19T07:50:20.277956+00:00] blog.INFO: Create user command started [] []
[2023-05-19T07:51:29.439912+00:00] blog.INFO: Create user command started [] []
[2023-05-19T07:53:51.106015+00:00] blog.INFO: Create user command started [] []
[2023-05-19T08:05:00.723315+00:00] blog.INFO: Create user command started [] []
[2023-05-19T08:36:21.248874+00:00] blog.INFO: Create user command started [] []
[2023-05-19T08:40:26.386896+00:00] blog.INFO: Create user command started [] []
[2023-05-19T08:56:09.523840+00:00] blog.INFO: Create user command started [] []
[2023-05-25T15:25:55.579058+00:00] blog.INFO: Create user command started [] []
[2023-05-25T15:25:55.688065+00:00] blog.WARNING: Cannot find user INSERT INTO users (uuid, username, first_name, last_name, password)             VALUES (                 'uuid:TEXT',                 'username:TEXT',                 'first_name:TEXT',                 'last_name:TEXT',                 'password:'             );: superUser [] []
[2023-05-25T15:28:15.326052+00:00] blog.INFO: Create user command started [] []
[2023-05-25T15:28:15.328052+00:00] blog.WARNING: Cannot find user INSERT INTO users (uuid, username, first_name, last_name, password)             VALUES (                 'uuid:TEXT',                 'username:TEXT',                 'first_name:TEXT',                 'last_name:TEXT',                 'password:TEXT'             );: superUser [] []
[2023-05-25T15:35:58.940569+00:00] blog.INFO: Create user command started [] []
[2023-05-25T15:35:58.943569+00:00] blog.WARNING: Cannot find user INSERT INTO users (uuid, username, first_name, last_name, password)             VALUES (                 'uuid:TEXT',                 'username:TEXT',                 'first_name:TEXT',                 'last_name:TEXT',                 'password:TEXT'             );: superUser [] []
[2023-05-25T16:06:03.465782+00:00] blog.INFO: Create user command started [] []
[2023-05-25T16:06:03.467782+00:00] blog.WARNING: Cannot find user INSERT INTO users (uuid, username, first_name, last_name, password)             VALUES (                 'uuid:TEXT',                 'username:TEXT',                 'first_name:TEXT',                 'last_name:TEXT',                 'password:TEXT'             );: user1234 [] []
[2023-05-25T16:19:13.975996+00:00] blog.INFO: Create user command started [] []
[2023-05-25T16:19:13.976996+00:00] blog.WARNING: Cannot find user INSERT INTO users (uuid, username, first_name, last_name, password)             VALUES (                 'uuid:TEXT',                 'username:TEXT',                 'first_name:TEXT',                 'last_name:TEXT',                 'password:TEXT'             );             user1234 [] []
[2023-05-27T08:30:08.977885+00:00] blog.INFO: Create user command started [] []
[2023-05-31T09:44:27.480192+00:00] blog.INFO: Create user command started [] []
